[    0.000000] Initializing cgroup subsys cpuset
[    0.000000] Initializing cgroup subsys cpu
[    0.000000] Initializing cgroup subsys cpuacct
[    0.000000] Linux version 4.4.0-210-generic (buildd@lgw01-amd64-009) (gcc version 5.4.0 20160609 (Ubuntu 5.4.0-6ubuntu1~16.04.12) ) #242-Ubuntu SMP Fri Apr 16 09:57:56 UTC 2021 (Ubuntu 4.4.0-210.242-generic 4.4.262)
[    0.000000] Command line: BOOT_IMAGE=/boot/vmlinuz-4.4.0-210-generic root=LABEL=cloudimg-rootfs ro console=tty1 console=ttyS0
[    0.000000] KERNEL supported cpus:
[    0.000000]   Intel GenuineIntel
[    0.000000]   AMD AuthenticAMD
[    0.000000]   Centaur CentaurHauls
[    0.000000] x86/fpu: xstate_offset[2]:  576, xstate_sizes[2]:  256
[    0.000000] x86/fpu: Supporting XSAVE feature 0x01: 'x87 floating point registers'
[    0.000000] x86/fpu: Supporting XSAVE feature 0x02: 'SSE registers'
[    0.000000] x86/fpu: Supporting XSAVE feature 0x04: 'AVX registers'
[    0.000000] x86/fpu: Enabled xstate features 0x7, context size is 832 bytes, using 'standard' format.
[    0.000000] e820: BIOS-provided physical RAM map:
[    0.000000] BIOS-e820: [mem 0x0000000000000000-0x000000000009fbff] usable
[    0.000000] BIOS-e820: [mem 0x000000000009fc00-0x000000000009ffff] reserved
[    0.000000] BIOS-e820: [mem 0x00000000000f0000-0x00000000000fffff] reserved
[    0.000000] BIOS-e820: [mem 0x0000000000100000-0x000000000ffeffff] usable
[    0.000000] BIOS-e820: [mem 0x000000000fff0000-0x000000000fffffff] ACPI data
[    0.000000] BIOS-e820: [mem 0x00000000fec00000-0x00000000fec00fff] reserved
[    0.000000] BIOS-e820: [mem 0x00000000fee00000-0x00000000fee00fff] reserved
[    0.000000] BIOS-e820: [mem 0x00000000fffc0000-0x00000000ffffffff] reserved
[    0.000000] NX (Execute Disable) protection: active
[    0.000000] SMBIOS 2.5 present.
[    0.000000] Hypervisor detected: KVM
[    0.000000] e820: last_pfn = 0xfff0 max_arch_pfn = 0x400000000
[    0.000000] x86/PAT: Configuration [0-7]: WB  WC  UC- UC  WB  WC  UC- WT  
[    0.000000] found SMP MP-table at [mem 0x0009fbf0-0x0009fbff] mapped at [ffff88000009fbf0]
[    0.000000] Scanning 1 areas for low memory corruption
[    0.000000] RAMDISK: [mem 0x0e8c2000-0x0f74bfff]
[    0.000000] ACPI: Early table checksum verification disabled
[    0.000000] ACPI: RSDP 0x00000000000E0000 000024 (v02 VBOX  )
[    0.000000] ACPI: XSDT 0x000000000FFF0030 00003C (v01 VBOX   VBOXXSDT 00000001 ASL  00000061)
[    0.000000] ACPI: FACP 0x000000000FFF00F0 0000F4 (v04 VBOX   VBOXFACP 00000001 ASL  00000061)
[    0.000000] ACPI: DSDT 0x000000000FFF0610 002353 (v02 VBOX   VBOXBIOS 00000002 INTL 20250404)
[    0.000000] ACPI: FACS 0x000000000FFF0200 000040
[    0.000000] ACPI: FACS 0x000000000FFF0200 000040
[    0.000000] ACPI: APIC 0x000000000FFF0240 00005C (v02 VBOX   VBOXAPIC 00000001 ASL  00000061)
[    0.000000] ACPI: SSDT 0x000000000FFF02A0 00036C (v01 VBOX   VBOXCPUT 00000002 INTL 20250404)
[    0.000000] No NUMA configuration found
[    0.000000] Faking a node at [mem 0x0000000000000000-0x000000000ffeffff]
[    0.000000] NODE_DATA(0) allocated [mem 0x0ffeb000-0x0ffeffff]
[    0.000000] kvm-clock: Using msrs 4b564d01 and 4b564d00
[    0.000000] kvm-clock: cpu 0, msr 0:ffe3001, primary cpu clock
[    0.000000] kvm-clock: using sched offset of 2980663857 cycles
[    0.000000] clocksource: kvm-clock: mask: 0xffffffffffffffff max_cycles: 0x1cd42e4dffb, max_idle_ns: 881590591483 ns
[    0.000000] Zone ranges:
[    0.000000]   DMA      [mem 0x0000000000001000-0x0000000000ffffff]
[    0.000000]   DMA32    [mem 0x0000000001000000-0x000000000ffeffff]
[    0.000000]   Normal   empty
[    0.000000]   Device   empty
[    0.000000] Movable zone start for each node
[    0.000000] Early memory node ranges
[    0.000000]   node   0: [mem 0x0000000000001000-0x000000000009efff]
[    0.000000]   node   0: [mem 0x0000000000100000-0x000000000ffeffff]
[    0.000000] Initmem setup node 0 [mem 0x0000000000001000-0x000000000ffeffff]
[    0.000000] ACPI: PM-Timer IO Port: 0x4008
[    0.000000] IOAPIC[0]: apic_id 2, version 32, address 0xfec00000, GSI 0-23
[    0.000000] ACPI: INT_SRC_OVR (bus 0 bus_irq 0 global_irq 2 dfl dfl)
[    0.000000] ACPI: INT_SRC_OVR (bus 0 bus_irq 9 global_irq 9 low level)
[    0.000000] Using ACPI (MADT) for SMP configuration information
[    0.000000] smpboot: Allowing 2 CPUs, 0 hotplug CPUs
[    0.000000] PM: Registered nosave memory: [mem 0x00000000-0x00000fff]
[    0.000000] PM: Registered nosave memory: [mem 0x0009f000-0x0009ffff]
[    0.000000] PM: Registered nosave memory: [mem 0x000a0000-0x000effff]
[    0.000000] PM: Registered nosave memory: [mem 0x000f0000-0x000fffff]
[    0.000000] e820: [mem 0x10000000-0xfebfffff] available for PCI devices
[    0.000000] Booting paravirtualized kernel on KVM
[    0.000000] clocksource: refined-jiffies: mask: 0xffffffff max_cycles: 0xffffffff, max_idle_ns: 7645519600211568 ns
[    0.000000] setup_percpu: NR_CPUS:512 nr_cpumask_bits:512 nr_cpu_ids:2 nr_node_ids:1
[    0.000000] PERCPU: Embedded 33 pages/cpu @ffff88000fc00000 s95192 r8192 d31784 u1048576
[    0.000000] Built 1 zonelists in Node order, mobility grouping on.  Total pages: 64376
[    0.000000] Policy zone: DMA32
[    0.000000] Kernel command line: BOOT_IMAGE=/boot/vmlinuz-4.4.0-210-generic root=LABEL=cloudimg-rootfs ro console=tty1 console=ttyS0
[    0.000000] PID hash table entries: 1024 (order: 1, 8192 bytes)
[    0.000000] Memory: 223676K/261688K available (8644K kernel code, 1332K rwdata, 4044K rodata, 1492K init, 1164K bss, 38012K reserved, 0K cma-reserved)
[    0.000000] SLUB: HWalign=64, Order=0-3, MinObjects=0, CPUs=2, Nodes=1
[    0.000000] Kernel/User page tables isolation: enabled
[    0.000000] Hierarchical RCU implementation.
[    0.000000] 	Build-time adjustment of leaf fanout to 64.
[    0.000000] 	RCU restricting CPUs from NR_CPUS=512 to nr_cpu_ids=2.
[    0.000000] RCU: Adjusting geometry for rcu_fanout_leaf=64, nr_cpu_ids=2
[    0.000000] NR_IRQS:33024 nr_irqs:440 16
[    0.000000] Console: colour VGA+ 80x25
[    0.000000] console [tty1] enabled
[    0.000000] console [ttyS0] enabled
[    0.000000] tsc: Detected 1190.404 MHz processor
[    0.148553] Calibrating delay loop (skipped) preset value.. 2380.80 BogoMIPS (lpj=4761616)
[    0.150650] pid_max: default: 32768 minimum: 301
[    0.151957] ACPI: Core revision 20150930
[    0.154196] ACPI: 2 ACPI AML tables successfully acquired and loaded
[    0.155682] Security Framework initialized
[    0.156561] Yama: becoming mindful.
[    0.157461] AppArmor: AppArmor initialized
[    0.158482] Dentry cache hash table entries: 32768 (order: 6, 262144 bytes)
[    0.160334] Inode-cache hash table entries: 16384 (order: 5, 131072 bytes)
[    0.162546] Mount-cache hash table entries: 512 (order: 0, 4096 bytes)
[    0.164496] Mountpoint-cache hash table entries: 512 (order: 0, 4096 bytes)
[    0.165994] Initializing cgroup subsys io
[    0.166778] Initializing cgroup subsys memory
[    0.167754] Initializing cgroup subsys devices
[    0.168642] Initializing cgroup subsys freezer
[    0.169668] Initializing cgroup subsys net_cls
[    0.170576] Initializing cgroup subsys perf_event
[    0.171524] Initializing cgroup subsys net_prio
[    0.172605] Initializing cgroup subsys hugetlb
[    0.173710] Initializing cgroup subsys pids
[    0.208309] mce: CPU supports 0 MCE banks
[    0.209716] Last level iTLB entries: 4KB 0, 2MB 0, 4MB 0
[    0.212130] Last level dTLB entries: 4KB 0, 2MB 0, 4MB 0, 1GB 0
[    0.214088] Spectre V1 : Mitigation: usercopy/swapgs barriers and __user pointer sanitization
[    0.216237] Spectre V2 : Mitigation: Full generic retpoline
[    0.217418] Spectre V2 : Spectre v2 / SpectreRSB mitigation: Filling RSB on context switch
[    0.219503] Speculative Store Bypass: Vulnerable
[    0.220748] MDS: Mitigation: Clear CPU buffers
[    0.224353] Freeing SMP alternatives memory: 36K
[    0.232232] ftrace: allocating 32380 entries in 127 pages
[    0.292799] smpboot: APIC(0) Converting physical 0 to logical package 0
[    0.294191] smpboot: Max logical packages: 1
[    0.296145] x2apic enabled
[    0.297703] Switched APIC routing to physical x2apic.
[    0.299861] ..TIMER: vector=0x30 apic1=0 pin1=2 apic2=-1 pin2=-1
[    0.409168] APIC calibration not consistent with PM-Timer: 104ms instead of 100ms
[    0.411461] APIC delta adjusted to PM-Timer: 6249532 (6499860)
[    0.412652] smpboot: CPU0: Intel(R) Core(TM) i5-1035G1 CPU @ 1.00GHz (family: 0x6, model: 0x7e, stepping: 0x5)
[    0.414731] Performance Events: unsupported p6 CPU model 126 no PMU driver, software events only.
[    0.426859] KVM setup paravirtual spinlock
[    0.429747] x86: Booting SMP configuration:
[    0.431101] .... node  #0, CPUs:      #1
[    0.432352] kvm-clock: cpu 1, msr 0:ffe3041, secondary cpu clock
[    0.463332] mce: CPU supports 0 MCE banks
[    0.466102] x86: Booted up 1 node, 2 CPUs
[    0.467287] smpboot: Total of 2 processors activated (4761.61 BogoMIPS)
[    0.469383] devtmpfs: initialized
[    0.471216] evm: security.selinux
[    0.472024] evm: security.SMACK64
[    0.472807] evm: security.SMACK64EXEC
[    0.473678] evm: security.SMACK64TRANSMUTE
[    0.474641] evm: security.SMACK64MMAP
[    0.475544] evm: security.ima
[    0.476318] evm: security.capability
[    0.478423] clocksource: jiffies: mask: 0xffffffff max_cycles: 0xffffffff, max_idle_ns: 7645041785100000 ns
[    0.480367] futex hash table entries: 512 (order: 3, 32768 bytes)
[    0.481601] pinctrl core: initialized pinctrl subsystem
[    0.482678] RTC time:  9:43:51, date: 04/18/26
[    0.483989] NET: Registered protocol family 16
[    0.496358] cpuidle: using governor ladder
[    0.508508] cpuidle: using governor menu
[    0.510516] PCCT header not found.
[    0.512107] ACPI: bus type PCI registered
[    0.513159] acpiphp: ACPI Hot Plug PCI Controller Driver version: 0.5
[    0.514962] PCI: Using configuration type 1 for base access
[    0.529883] ACPI: Added _OSI(Module Device)
[    0.532677] ACPI: Added _OSI(Processor Device)
[    0.534107] ACPI: Added _OSI(3.0 _SCP Extensions)
[    0.535246] ACPI: Added _OSI(Processor Aggregator Device)
[    0.537713] ACPI: Executed 1 blocks of module-level executable AML code
[    0.542532] ACPI: Interpreter enabled
[    0.543698] ACPI: (supports S0 S5)
[    0.545199] ACPI: Using IOAPIC for interrupt routing
[    0.547711] PCI: Using host bridge windows from ACPI; if necessary, use "pci=nocrs" and report a bug
[    0.554547] ACPI: PCI Root Bridge [PCI0] (domain 0000 [bus 00-ff])
[    0.555984] acpi PNP0A03:00: _OSC: OS supports [ASPM ClockPM Segments MSI]
[    0.558042] acpi PNP0A03:00: _OSC: not requesting OS control; OS requires [ExtendedConfig ASPM ClockPM MSI]
[    0.560445] acpi PNP0A03:00: fail to add MMCONFIG information, can't access extended PCI configuration space under this bridge.
[    0.566134] PCI host bridge to bus 0000:00
[    0.567010] pci_bus 0000:00: root bus resource [io  0x0000-0x0cf7 window]
[    0.568258] pci_bus 0000:00: root bus resource [io  0x0d00-0xffff window]
[    0.569594] pci_bus 0000:00: root bus resource [mem 0x000a0000-0x000bffff window]
[    0.571181] pci_bus 0000:00: root bus resource [mem 0x10000000-0xfdffffff window]
[    0.572731] pci_bus 0000:00: root bus resource [bus 00-ff]
[    0.575939] pci 0000:00:01.1: legacy IDE quirk: reg 0x10: [io  0x01f0-0x01f7]
[    0.578359] pci 0000:00:01.1: legacy IDE quirk: reg 0x14: [io  0x03f6]
[    0.579675] pci 0000:00:01.1: legacy IDE quirk: reg 0x18: [io  0x0170-0x0177]
[    0.581195] pci 0000:00:01.1: legacy IDE quirk: reg 0x1c: [io  0x0376]
[    0.600477] pci 0000:00:07.0: quirk: [io  0x4000-0x403f] claimed by PIIX4 ACPI
[    0.601976] pci 0000:00:07.0: quirk: [io  0x4100-0x410f] claimed by PIIX4 SMB
[    0.607967] ACPI: PCI Interrupt Link [LNKA] (IRQs 5 9 10 *11)
[    0.609674] ACPI: PCI Interrupt Link [LNKB] (IRQs 5 9 *10 11)
[    0.614113] ACPI: PCI Interrupt Link [LNKC] (IRQs 5 *9 10 11)
[    0.615885] ACPI: PCI Interrupt Link [LNKD] (IRQs 5 9 10 *11)
[    0.617569] ACPI: Enabled 2 GPEs in block 00 to 07
[    0.619006] vgaarb: setting as boot device: PCI:0000:00:02.0
[    0.620169] vgaarb: device added: PCI:0000:00:02.0,decodes=io+mem,owns=io+mem,locks=none
[    0.621954] vgaarb: loaded
[    0.622623] vgaarb: bridge control possible 0000:00:02.0
[    0.623949] SCSI subsystem initialized
[    0.624993] ACPI: bus type USB registered
[    0.626877] usbcore: registered new interface driver usbfs
[    0.629858] usbcore: registered new interface driver hub
[    0.631440] usbcore: registered new device driver usb
[    0.632765] PCI: Using ACPI for IRQ routing
[    0.633983] NetLabel: Initializing
[    0.634831] NetLabel:  domain hash size = 128
[    0.635777] NetLabel:  protocols = UNLABELED CIPSOv4
[    0.636892] NetLabel:  unlabeled traffic allowed by default
[    0.638242] amd_nb: Cannot enumerate AMD northbridges
[    0.639362] clocksource: Switched to clocksource kvm-clock
[    0.646681] AppArmor: AppArmor Filesystem Enabled
[    0.647934] pnp: PnP ACPI init
[    0.649419] pnp: PnP ACPI: found 3 devices
[    0.659343] clocksource: acpi_pm: mask: 0xffffff max_cycles: 0xffffff, max_idle_ns: 2085701024 ns
[    0.661915] NET: Registered protocol family 2
[    0.663088] TCP established hash table entries: 2048 (order: 2, 16384 bytes)
[    0.664443] TCP bind hash table entries: 2048 (order: 3, 32768 bytes)
[    0.665653] TCP: Hash tables configured (established 2048 bind 2048)
[    0.666861] UDP hash table entries: 256 (order: 1, 8192 bytes)
[    0.667961] UDP-Lite hash table entries: 256 (order: 1, 8192 bytes)
[    0.669119] NET: Registered protocol family 1
[    0.669999] pci 0000:00:00.0: Limiting direct PCI/PCI transfers
[    0.671051] pci 0000:00:01.0: Activating ISA DMA hang workarounds
[    0.672296] Unpacking initramfs...
[    0.906283] Freeing initrd memory: 14888K
[    0.907294] clocksource: tsc: mask: 0xffffffffffffffff max_cycles: 0x1128b2c00b3, max_idle_ns: 440795250248 ns
[    0.909514] platform rtc_cmos: registered platform RTC device (no PNP device found)
[    0.911677] Scanning for low memory corruption every 60 seconds
[    0.913227] audit: initializing netlink subsys (disabled)
[    0.914379] audit: type=2000 audit(1776505436.216:1): initialized
[    0.915829] Initialise system trusted keyring
[    0.917030] HugeTLB registered 2 MB page size, pre-allocated 0 pages
[    0.919717] zbud: loaded
[    0.920744] VFS: Disk quotas dquot_6.6.0
[    0.921960] VFS: Dquot-cache hash table entries: 512 (order 0, 4096 bytes)
[    0.923721] squashfs: version 4.0 (2009/01/31) Phillip Lougher
[    0.925263] fuse init (API version 7.23)
[    0.926279] Key type big_key registered
[    0.927190] Allocating IMA MOK and blacklist keyrings.
[    0.929012] Key type asymmetric registered
[    0.931087] Asymmetric key parser 'x509' registered
[    0.933413] Block layer SCSI generic (bsg) driver version 0.4 loaded (major 249)
[    0.935110] io scheduler noop registered
[    0.936063] io scheduler deadline registered (default)
[    0.937193] io scheduler cfq registered
[    0.938227] pci_hotplug: PCI Hot Plug PCI Core version: 0.5
[    0.939566] pciehp: PCI Express Hot Plug Controller Driver version: 0.4
[    0.941065] ACPI: AC Adapter [AC] (off-line)
[    0.942004] input: Power Button as /devices/LNXSYSTM:00/LNXPWRBN:00/input/input0
[    0.943854] ACPI: Power Button [PWRF]
[    0.944830] input: Sleep Button as /devices/LNXSYSTM:00/LNXSLPBN:00/input/input1
[    0.946548] ACPI: Sleep Button [SLPF]
[    0.948226] ACPI: Battery Slot [BAT0] (battery present)
[    0.949391] GHES: HEST is not enabled!
[    0.950339] Serial: 8250/16550 driver, 32 ports, IRQ sharing enabled
[    0.972375] 00:02: ttyS0 at I/O 0x3f8 (irq = 4, base_baud = 115200) is a 16550A
[    0.977903] Linux agpgart interface v0.103
[    0.980862] loop: module loaded
[    0.982441] scsi host0: ata_piix
[    0.983457] scsi host1: ata_piix
[    0.984459] ata1: PATA max UDMA/33 cmd 0x1f0 ctl 0x3f6 bmdma 0xd000 irq 14
[    0.986310] ata2: PATA max UDMA/33 cmd 0x170 ctl 0x376 bmdma 0xd008 irq 15
[    0.988150] libphy: Fixed MDIO Bus: probed
[    0.989526] tun: Universal TUN/TAP device driver, 1.6
[    0.991087] tun: (C) 1999-2004 Max Krasnyansky <maxk@qualcomm.com>
[    0.993027] PPP generic driver version 2.4.2
[    0.994436] ehci_hcd: USB 2.0 'Enhanced' Host Controller (EHCI) Driver
[    0.996212] ehci-pci: EHCI PCI platform driver
[    0.997787] ehci-platform: EHCI generic platform driver
[    0.999484] ohci_hcd: USB 1.1 'Open' Host Controller (OHCI) Driver
[    1.000939] ohci-pci: OHCI PCI platform driver
[    1.002038] ohci-platform: OHCI generic platform driver
[    1.003265] uhci_hcd: USB Universal Host Controller Interface driver
[    1.004751] i8042: PNP: PS/2 Controller [PNP0303:PS2K,PNP0f03:PS2M] at 0x60,0x64 irq 1,12
[    1.007179] serio: i8042 KBD port at 0x60,0x64 irq 1
[    1.008496] serio: i8042 AUX port at 0x60,0x64 irq 12
[    1.011234] mousedev: PS/2 mouse device common for all mice
[    1.014039] input: AT Translated Set 2 keyboard as /devices/platform/i8042/serio0/input/input2
[    1.016701] rtc_cmos rtc_cmos: rtc core: registered rtc_cmos as rtc0
[    1.018194] rtc_cmos rtc_cmos: alarms up to one day, 114 bytes nvram
[    1.019615] i2c /dev entries driver
[    1.020572] device-mapper: uevent: version 1.0.3
[    1.021897] device-mapper: ioctl: 4.34.0-ioctl (2015-10-28) initialised: dm-devel@redhat.com
[    1.023900] ledtrig-cpu: registered to indicate activity on CPUs
[    1.025777] NET: Registered protocol family 10
[    1.027134] NET: Registered protocol family 17
[    1.028783] Key type dns_resolver registered
[    1.031004] registered taskstats version 1
[    1.032111] Loading compiled-in X.509 certificates
[    1.033938] Loaded X.509 cert 'Build time autogenerated kernel key: cf00e047681d67edb2720680708b7d9498083038'
[    1.036041] zswap: loaded using pool lzo/zbud
[    1.039430] Key type trusted registered
[    1.045877] Key type encrypted registered
[    1.046970] AppArmor: AppArmor sha1 policy hashing enabled
[    1.048301] ima: No TPM chip found, activating TPM-bypass!
[    1.049799] ima: Allocated hash algorithm: sha1
[    1.051326] evm: HMAC attrs: 0x1
[    1.052814]   Magic number: 6:976:727
[    1.054080] block loop7: hash matches
[    1.055121] rtc_cmos rtc_cmos: setting system clock to 2026-04-18 09:43:52 UTC (1776505432)
[    1.057236] BIOS EDD facility v0.16 2004-Jun-25, 0 devices found
[    1.060269] EDD information not available.
[    1.173485] Freeing unused kernel memory: 1492K
[    1.177155] Write protecting the kernel read-only data: 14336k
[    1.181373] Freeing unused kernel memory: 1584K
[    1.184311] Freeing unused kernel memory: 52K
Loading, please wait...
starting version 229
[    1.218494] random: systemd-udevd: uninitialized urandom read (16 bytes read, 3 bits of entropy available)
[    1.220503] random: udevadm: uninitialized urandom read (16 bytes read, 3 bits of entropy available)
[    1.220600] random: udevadm: uninitialized urandom read (16 bytes read, 3 bits of entropy available)
[    1.234966] random: systemd-udevd: uninitialized urandom read (16 bytes read, 3 bits of entropy available)
[    1.238728] random: systemd-udevd: uninitialized urandom read (16 bytes read, 3 bits of entropy available)
[    1.239699] random: udevadm: uninitialized urandom read (16 bytes read, 3 bits of entropy available)
[    1.239770] random: udevadm: uninitialized urandom read (16 bytes read, 3 bits of entropy available)
[    1.239945] random: udevadm: uninitialized urandom read (16 bytes read, 3 bits of entropy available)
[    1.240020] random: udevadm: uninitialized urandom read (16 bytes read, 3 bits of entropy available)
[    1.240094] random: udevadm: uninitialized urandom read (16 bytes read, 3 bits of entropy available)
[    1.326775] e1000: Intel(R) PRO/1000 Network Driver - version 7.3.21-k8-NAPI
[    1.328368] e1000: Copyright (c) 1999-2006 Intel Corporation.
[    1.334621] Fusion MPT base driver 3.04.20
[    1.335860] Copyright (c) 1999-2008 LSI Corporation
[    1.355419] Fusion MPT SPI Host driver 3.04.20
[    1.391847] AVX2 version of gcm_enc/dec engaged.
[    1.392968] AES CTR mode by8 optimization enabled
[    1.547752] input: ImExPS/2 Generic Explorer Mouse as /devices/platform/i8042/serio1/input/input4
[    1.826005] e1000 0000:00:03.0 eth0: (PCI:33MHz:32-bit) 02:be:82:6b:cc:1d
[    1.829531] e1000 0000:00:03.0 eth0: Intel(R) PRO/1000 Network Connection
[    3.030304] e1000 0000:00:08.0 eth1: (PCI:33MHz:32-bit) 08:00:27:f1:e5:a4
[    3.033830] e1000 0000:00:08.0 eth1: Intel(R) PRO/1000 Network Connection
[    3.039082] e1000 0000:00:03.0 enp0s3: renamed from eth0
[    3.044410] mptbase: ioc0: Initiating bringup
[    3.060564] e1000 0000:00:08.0 enp0s8: renamed from eth1
[    3.907959] ioc0: LSI53C1030 A0: Capabilities={Initiator}
[    5.927869] scsi host2: ioc0: LSI53C1030 A0, FwRev=00000000h, Ports=1, MaxQ=256, IRQ=20
[    9.010263] scsi 2:0:0:0: Direct-Access     VBOX     HARDDISK         1.0  PQ: 0 ANSI: 5
[    9.014520] scsi target2:0:0: Beginning Domain Validation
[    9.017563] scsi target2:0:0: Domain Validation skipping write tests
[    9.018940] scsi target2:0:0: Ending Domain Validation
[    9.020277] scsi target2:0:0: asynchronous
[    9.021664] scsi 2:0:1:0: Direct-Access     VBOX     HARDDISK         1.0  PQ: 0 ANSI: 5
[    9.034723] scsi target2:0:1: Beginning Domain Validation
[    9.036725] scsi target2:0:1: Domain Validation skipping write tests
[    9.038149] scsi target2:0:1: Ending Domain Validation
[    9.039420] scsi target2:0:1: asynchronous
[    9.044993] sd 2:0:0:0: Attached scsi generic sg0 type 0
[    9.046562] sd 2:0:0:0: [sda] 83886080 512-byte logical blocks: (42.9 GB/40.0 GiB)
[    9.047680] sd 2:0:1:0: Attached scsi generic sg1 type 0
[    9.047832] sd 2:0:1:0: [sdb] 20480 512-byte logical blocks: (10.5 MB/10.0 MiB)
[    9.047955] sd 2:0:1:0: [sdb] Write Protect is off
[    9.048041] sd 2:0:1:0: [sdb] Write cache: enabled, read cache: enabled, supports DPO and FUA
[    9.054965] sd 2:0:0:0: [sda] Write Protect is off
[    9.056398] sd 2:0:0:0: [sda] Write cache: enabled, read cache: enabled, supports DPO and FUA
[    9.057422] sd 2:0:1:0: [sdb] Attached SCSI disk
[    9.063645]  sda: sda1
[    9.065209] sd 2:0:0:0: [sda] Attached SCSI disk
